Determining if the pthread_create exist failed with the following output:
Change Dir: /home/s1513031/eRPC/CMakeFiles/CMakeTmp

Run Build Command:"/usr/bin/make" "cmTC_3cca9/fast"
/usr/bin/make -f CMakeFiles/cmTC_3cca9.dir/build.make CMakeFiles/cmTC_3cca9.dir/build
make[1]: Entering directory '/home/s1513031/eRPC/CMakeFiles/CMakeTmp'
Building C object CMakeFiles/cmTC_3cca9.dir/CheckSymbolExists.c.o
/usr/bin/cc    -o CMakeFiles/cmTC_3cca9.dir/CheckSymbolExists.c.o   -c /home/s1513031/eRPC/CMakeFiles/CMakeTmp/CheckSymbolExists.c
Linking C executable cmTC_3cca9
/usr/bin/cmake -E cmake_link_script CMakeFiles/cmTC_3cca9.dir/link.txt --verbose=1
/usr/bin/cc      -rdynamic CMakeFiles/cmTC_3cca9.dir/CheckSymbolExists.c.o  -o cmTC_3cca9 
CMakeFiles/cmTC_3cca9.dir/CheckSymbolExists.c.o: In function `main':
CheckSymbolExists.c:(.text+0x1b): undefined reference to `pthread_create'
collect2: error: ld returned 1 exit status
CMakeFiles/cmTC_3cca9.dir/build.make:97: recipe for target 'cmTC_3cca9' failed
make[1]: *** [cmTC_3cca9] Error 1
make[1]: Leaving directory '/home/s1513031/eRPC/CMakeFiles/CMakeTmp'
Makefile:126: recipe for target 'cmTC_3cca9/fast' failed
make: *** [cmTC_3cca9/fast] Error 2

File /home/s1513031/eRPC/CMakeFiles/CMakeTmp/CheckSymbolExists.c:
/* */
#include <pthread.h>

int main(int argc, char** argv)
{
  (void)argv;
#ifndef pthread_create
  return ((int*)(&pthread_create))[argc];
#else
  (void)argc;
  return 0;
#endif
}

Determining if the function pthread_create exists in the pthreads failed with the following output:
Change Dir: /home/s1513031/eRPC/CMakeFiles/CMakeTmp

Run Build Command:"/usr/bin/make" "cmTC_4715f/fast"
/usr/bin/make -f CMakeFiles/cmTC_4715f.dir/build.make CMakeFiles/cmTC_4715f.dir/build
make[1]: Entering directory '/home/s1513031/eRPC/CMakeFiles/CMakeTmp'
Building C object CMakeFiles/cmTC_4715f.dir/CheckFunctionExists.c.o
/usr/bin/cc   -DCHECK_FUNCTION_EXISTS=pthread_create   -o CMakeFiles/cmTC_4715f.dir/CheckFunctionExists.c.o   -c /usr/share/cmake-3.10/Modules/CheckFunctionExists.c
Linking C executable cmTC_4715f
/usr/bin/cmake -E cmake_link_script CMakeFiles/cmTC_4715f.dir/link.txt --verbose=1
/usr/bin/cc  -DCHECK_FUNCTION_EXISTS=pthread_create    -rdynamic CMakeFiles/cmTC_4715f.dir/CheckFunctionExists.c.o  -o cmTC_4715f -lpthreads 
/usr/bin/ld: cannot find -lpthreads
collect2: error: ld returned 1 exit status
CMakeFiles/cmTC_4715f.dir/build.make:97: recipe for target 'cmTC_4715f' failed
make[1]: *** [cmTC_4715f] Error 1
make[1]: Leaving directory '/home/s1513031/eRPC/CMakeFiles/CMakeTmp'
Makefile:126: recipe for target 'cmTC_4715f/fast' failed
make: *** [cmTC_4715f/fast] Error 2


Determining if the pthread_create exist failed with the following output:
Change Dir: /home/s1513031/ccKVS/src/eRPC/CMakeFiles/CMakeTmp

Run Build Command:"/usr/bin/make" "cmTC_a0f3a/fast"
/usr/bin/make -f CMakeFiles/cmTC_a0f3a.dir/build.make CMakeFiles/cmTC_a0f3a.dir/build
make[1]: Entering directory '/home/s1513031/ccKVS/src/eRPC/CMakeFiles/CMakeTmp'
Building C object CMakeFiles/cmTC_a0f3a.dir/CheckSymbolExists.c.o
/usr/bin/cc    -o CMakeFiles/cmTC_a0f3a.dir/CheckSymbolExists.c.o   -c /home/s1513031/ccKVS/src/eRPC/CMakeFiles/CMakeTmp/CheckSymbolExists.c
Linking C executable cmTC_a0f3a
/usr/bin/cmake -E cmake_link_script CMakeFiles/cmTC_a0f3a.dir/link.txt --verbose=1
/usr/bin/cc      -rdynamic CMakeFiles/cmTC_a0f3a.dir/CheckSymbolExists.c.o  -o cmTC_a0f3a 
CMakeFiles/cmTC_a0f3a.dir/CheckSymbolExists.c.o: In function `main':
CheckSymbolExists.c:(.text+0x1b): undefined reference to `pthread_create'
collect2: error: ld returned 1 exit status
CMakeFiles/cmTC_a0f3a.dir/build.make:97: recipe for target 'cmTC_a0f3a' failed
make[1]: *** [cmTC_a0f3a] Error 1
make[1]: Leaving directory '/home/s1513031/ccKVS/src/eRPC/CMakeFiles/CMakeTmp'
Makefile:126: recipe for target 'cmTC_a0f3a/fast' failed
make: *** [cmTC_a0f3a/fast] Error 2

File /home/s1513031/ccKVS/src/eRPC/CMakeFiles/CMakeTmp/CheckSymbolExists.c:
/* */
#include <pthread.h>

int main(int argc, char** argv)
{
  (void)argv;
#ifndef pthread_create
  return ((int*)(&pthread_create))[argc];
#else
  (void)argc;
  return 0;
#endif
}

Determining if the function pthread_create exists in the pthreads failed with the following output:
Change Dir: /home/s1513031/ccKVS/src/eRPC/CMakeFiles/CMakeTmp

Run Build Command:"/usr/bin/make" "cmTC_b809c/fast"
/usr/bin/make -f CMakeFiles/cmTC_b809c.dir/build.make CMakeFiles/cmTC_b809c.dir/build
make[1]: Entering directory '/home/s1513031/ccKVS/src/eRPC/CMakeFiles/CMakeTmp'
Building C object CMakeFiles/cmTC_b809c.dir/CheckFunctionExists.c.o
/usr/bin/cc   -DCHECK_FUNCTION_EXISTS=pthread_create   -o CMakeFiles/cmTC_b809c.dir/CheckFunctionExists.c.o   -c /usr/share/cmake-3.10/Modules/CheckFunctionExists.c
Linking C executable cmTC_b809c
/usr/bin/cmake -E cmake_link_script CMakeFiles/cmTC_b809c.dir/link.txt --verbose=1
/usr/bin/cc  -DCHECK_FUNCTION_EXISTS=pthread_create    -rdynamic CMakeFiles/cmTC_b809c.dir/CheckFunctionExists.c.o  -o cmTC_b809c -lpthreads 
/usr/bin/ld: cannot find -lpthreads
collect2: error: ld returned 1 exit status
CMakeFiles/cmTC_b809c.dir/build.make:97: recipe for target 'cmTC_b809c' failed
make[1]: *** [cmTC_b809c] Error 1
make[1]: Leaving directory '/home/s1513031/ccKVS/src/eRPC/CMakeFiles/CMakeTmp'
Makefile:126: recipe for target 'cmTC_b809c/fast' failed
make: *** [cmTC_b809c/fast] Error 2


